2025-08-27 16:06:29,514 - INFO - Starting F1 2025 results scraping...
2025-08-27 16:06:29,515 - INFO - Fetching https://www.formula1.com/en/results/2025/races (attempt 1/3)
2025-08-27 16:06:30,780 - ERROR - Results table not found on the page
2025-08-27 16:06:30,780 - ERROR - No race results were extracted
2025-08-27 16:15:13,406 - INFO - Starting F1 2025 results scraping...
2025-08-27 16:15:13,406 - INFO - Fetching https://www.formula1.com/en/results/2025/races (attempt 1/3)
2025-08-27 16:15:14,754 - INFO - Saved page HTML to debug_page.html for inspection
2025-08-27 16:15:14,760 - INFO - Found results table using selector: table
2025-08-27 16:15:14,760 - INFO - Found 14 race rows to process
2025-08-27 16:15:14,763 - INFO - Extracted: Flag of AustraliaAustralia - Winner: LandoNorrisNOR
2025-08-27 16:15:14,764 - INFO - Extracted: Flag of People’s Republic of ChinaChina - Winner: OscarPiastriPIA
2025-08-27 16:15:14,764 - INFO - Extracted: Flag of JapanJapan - Winner: MaxVerstappenVER
2025-08-27 16:15:14,765 - INFO - Extracted: Flag of BahrainBahrain - Winner: OscarPiastriPIA
2025-08-27 16:15:14,765 - INFO - Extracted: Flag of Saudi ArabiaSaudi Arabia - Winner: OscarPiastriPIA
2025-08-27 16:15:14,765 - INFO - Extracted: Flag of United States of AmericaMiami - Winner: OscarPiastriPIA
2025-08-27 16:15:14,765 - INFO - Extracted: Flag of ItalyEmilia-Romagna - Winner: MaxVerstappenVER
2025-08-27 16:15:14,766 - INFO - Extracted: Flag of MonacoMonaco - Winner: LandoNorrisNOR
2025-08-27 16:15:14,766 - INFO - Extracted: Flag of SpainSpain - Winner: OscarPiastriPIA
2025-08-27 16:15:14,766 - INFO - Extracted: Flag of CanadaCanada - Winner: GeorgeRussellRUS
2025-08-27 16:15:14,766 - INFO - Extracted: Flag of AustriaAustria - Winner: LandoNorrisNOR
2025-08-27 16:15:14,766 - INFO - Extracted: Flag of Great BritainGreat Britain - Winner: LandoNorrisNOR
2025-08-27 16:15:14,766 - INFO - Extracted: Flag of BelgiumBelgium - Winner: OscarPiastriPIA
2025-08-27 16:15:14,766 - INFO - Extracted: Flag of HungaryHungary - Winner: LandoNorrisNOR
2025-08-27 16:15:14,766 - INFO - Validation passed for 14 results
2025-08-27 16:15:14,767 - INFO - Results saved to f1_2025_results.csv
2025-08-27 16:15:14,768 - INFO - Results saved to f1_2025_results.json
2025-08-27 16:15:14,768 - INFO - Successfully scraped 14 race results
